<?xml version="1.0" encoding="UTF-8"?>
<testng-results ignored="6" total="13" passed="6" failed="0" skipped="1">
  <reporter-output>
  </reporter-output>
  <suite started-at="2023-06-21T15:02:25 IST" name="Suite" finished-at="2023-06-21T15:05:04 IST" duration-ms="159224">
    <groups>
    </groups>
    <test started-at="2023-06-21T15:02:25 IST" name="Test" finished-at="2023-06-21T15:05:04 IST" duration-ms="159224">
      <class name="testcases.AddCustomerTest">
        <test-method signature="addCustomerTest(java.util.Hashtable)[pri:0, instance:testcases.AddCustomerTest@1046d517]" started-at="2023-06-21T15:02:37 IST" name="addCustomerTest" data-provider="bankManagerDP" finished-at="2023-06-21T15:02:51 IST" duration-ms="14313" status="PASS">
          <params>
            <param index="0">
              <value>
                <![CDATA[{browser=chrome, postcode=A234324, Runmode=Y, lastname=Arora, firstname=Raman}]]>
              </value>
            </param>
          </params>
          <reporter-output>
          </reporter-output>
        </test-method> <!-- addCustomerTest -->
        <test-method is-config="true" signature="quit()[pri:0, instance:testcases.AddCustomerTest@1046d517]" started-at="2023-06-21T15:02:51 IST" name="quit" finished-at="2023-06-21T15:02:52 IST" duration-ms="606" status="PASS">
          <reporter-output>
          </reporter-output>
        </test-method> <!-- quit -->
        <test-method signature="addCustomerTest(java.util.Hashtable)[pri:0, instance:testcases.AddCustomerTest@1046d517]" started-at="2023-06-21T15:02:52 IST" name="addCustomerTest" data-provider="bankManagerDP" finished-at="2023-06-21T15:02:52 IST" duration-ms="82" status="SKIP">
          <params>
            <param index="0">
              <value>
                <![CDATA[{browser=chrome, postcode=D53434, Runmode=N, lastname=Arora, firstname=Rahul}]]>
              </value>
            </param>
          </params>
          <exception class="org.testng.SkipException">
            <message>
              <![CDATA[Skipping the test : AddCustomerTest as the Run mode to Data set is NO]]>
            </message>
            <full-stacktrace>
              <![CDATA[org.testng.SkipException: Skipping the test : AddCustomerTest as the Run mode to Data set is NO
at utilities.DataUtil.checkExecution(DataUtil.java:32)
at testcases.AddCustomerTest.addCustomerTest(AddCustomerTest.java:23)
at java.base/jdk.internal.reflect.NativeMethodAccessorImpl.invoke0(Native Method)
at java.base/jdk.internal.reflect.NativeMethodAccessorImpl.invoke(NativeMethodAccessorImpl.java:77)
at java.base/jdk.internal.reflect.DelegatingMethodAccessorImpl.invoke(DelegatingMethodAccessorImpl.java:43)
at java.base/java.lang.reflect.Method.invoke(Method.java:568)
at org.testng.internal.MethodInvocationHelper.invokeMethod(MethodInvocationHelper.java:133)
at org.testng.internal.TestInvoker.invokeMethod(TestInvoker.java:598)
at org.testng.internal.TestInvoker.invokeTestMethod(TestInvoker.java:173)
at org.testng.internal.MethodRunner.runInSequence(MethodRunner.java:46)
at org.testng.internal.TestInvoker$MethodInvocationAgent.invoke(TestInvoker.java:824)
at org.testng.internal.TestInvoker.invokeTestMethods(TestInvoker.java:146)
at org.testng.internal.TestMethodWorker.invokeTestMethods(TestMethodWorker.java:146)
at org.testng.internal.TestMethodWorker.run(TestMethodWorker.java:128)
at java.base/java.util.ArrayList.forEach(ArrayList.java:1511)
at org.testng.TestRunner.privateRun(TestRunner.java:794)
at org.testng.TestRunner.run(TestRunner.java:596)
at org.testng.SuiteRunner.runTest(SuiteRunner.java:377)
at org.testng.SuiteRunner.access$000(SuiteRunner.java:28)
at org.testng.SuiteRunner$SuiteWorker.run(SuiteRunner.java:418)
at org.testng.internal.thread.ThreadUtil.lambda$execute$0(ThreadUtil.java:64)
at java.base/java.util.concurrent.FutureTask.run(FutureTask.java:264)
at java.base/java.util.concurrent.ThreadPoolExecutor.runWorker(ThreadPoolExecutor.java:1136)
at java.base/java.util.concurrent.ThreadPoolExecutor$Worker.run(ThreadPoolExecutor.java:635)
at java.base/java.lang.Thread.run(Thread.java:833)
]]>
            </full-stacktrace>
          </exception> <!-- org.testng.SkipException -->
          <reporter-output>
          </reporter-output>
        </test-method> <!-- addCustomerTest -->
        <test-method is-config="true" signature="quit()[pri:0, instance:testcases.AddCustomerTest@1046d517]" started-at="2023-06-21T15:02:52 IST" name="quit" finished-at="2023-06-21T15:02:52 IST" duration-ms="4" status="PASS">
          <reporter-output>
          </reporter-output>
        </test-method> <!-- quit -->
        <test-method signature="addCustomerTest(java.util.Hashtable)[pri:0, instance:testcases.AddCustomerTest@1046d517]" started-at="2023-06-21T15:02:52 IST" name="addCustomerTest" data-provider="bankManagerDP" finished-at="2023-06-21T15:04:28 IST" duration-ms="96558" status="PASS">
          <params>
            <param index="0">
              <value>
                <![CDATA[{browser=firefox, postcode=D53434, Runmode=Y, lastname=Smith, firstname=Tom}]]>
              </value>
            </param>
          </params>
          <reporter-output>
          </reporter-output>
        </test-method> <!-- addCustomerTest -->
        <test-method is-config="true" signature="quit()[pri:0, instance:testcases.AddCustomerTest@1046d517]" started-at="2023-06-21T15:04:28 IST" name="quit" finished-at="2023-06-21T15:04:30 IST" duration-ms="1495" status="PASS">
          <reporter-output>
          </reporter-output>
        </test-method> <!-- quit -->
      </class> <!-- testcases.AddCustomerTest -->
      <class name="testcases.BankManagerLoginTest">
        <test-method is-config="true" signature="setUp()[pri:0, instance:testcases.BankManagerLoginTest@4716be8b]" started-at="2023-06-21T15:02:25 IST" name="setUp" finished-at="2023-06-21T15:02:25 IST" duration-ms="47" status="PASS">
          <reporter-output>
          </reporter-output>
        </test-method> <!-- setUp -->
        <test-method signature="loginAsBankManager()[pri:0, instance:testcases.BankManagerLoginTest@4716be8b]" started-at="2023-06-21T15:02:25 IST" name="loginAsBankManager" finished-at="2023-06-21T15:02:35 IST" duration-ms="10183" status="PASS">
          <reporter-output>
          </reporter-output>
        </test-method> <!-- loginAsBankManager -->
        <test-method is-config="true" signature="quit()[pri:0, instance:testcases.BankManagerLoginTest@4716be8b]" started-at="2023-06-21T15:02:35 IST" name="quit" finished-at="2023-06-21T15:02:36 IST" duration-ms="434" status="PASS">
          <reporter-output>
          </reporter-output>
        </test-method> <!-- quit -->
        <test-method is-config="true" signature="quitPlaywright()[pri:0, instance:testcases.BankManagerLoginTest@4716be8b]" started-at="2023-06-21T15:05:05 IST" name="quitPlaywright" finished-at="2023-06-21T15:05:05 IST" duration-ms="1" status="PASS">
          <reporter-output>
          </reporter-output>
        </test-method> <!-- quitPlaywright -->
      </class> <!-- testcases.BankManagerLoginTest -->
      <class name="testcases.OpenAccountTest">
        <test-method signature="openAccountTest(java.util.Hashtable)[pri:0, instance:testcases.OpenAccountTest@3b7d3a38]" started-at="2023-06-21T15:04:30 IST" name="openAccountTest" data-provider="bankManagerDP" finished-at="2023-06-21T15:04:39 IST" duration-ms="9159" status="PASS">
          <params>
            <param index="0">
              <value>
                <![CDATA[{currency=Rupee, browser=chrome, Runmode=Y, customer=Harry Potter}]]>
              </value>
            </param>
          </params>
          <reporter-output>
          </reporter-output>
        </test-method> <!-- openAccountTest -->
        <test-method is-config="true" signature="quit()[pri:0, instance:testcases.OpenAccountTest@3b7d3a38]" started-at="2023-06-21T15:04:39 IST" name="quit" finished-at="2023-06-21T15:04:40 IST" duration-ms="905" status="PASS">
          <reporter-output>
          </reporter-output>
        </test-method> <!-- quit -->
        <test-method signature="openAccountTest(java.util.Hashtable)[pri:0, instance:testcases.OpenAccountTest@3b7d3a38]" started-at="2023-06-21T15:04:40 IST" name="openAccountTest" data-provider="bankManagerDP" finished-at="2023-06-21T15:04:49 IST" duration-ms="9138" status="PASS">
          <params>
            <param index="0">
              <value>
                <![CDATA[{currency=Dollar, browser=chrome, Runmode=Y, customer=Ron Weasly}]]>
              </value>
            </param>
          </params>
          <reporter-output>
          </reporter-output>
        </test-method> <!-- openAccountTest -->
        <test-method is-config="true" signature="quit()[pri:0, instance:testcases.OpenAccountTest@3b7d3a38]" started-at="2023-06-21T15:04:49 IST" name="quit" finished-at="2023-06-21T15:04:50 IST" duration-ms="567" status="PASS">
          <reporter-output>
          </reporter-output>
        </test-method> <!-- quit -->
        <test-method signature="openAccountTest(java.util.Hashtable)[pri:0, instance:testcases.OpenAccountTest@3b7d3a38]" started-at="2023-06-21T15:04:50 IST" name="openAccountTest" data-provider="bankManagerDP" finished-at="2023-06-21T15:05:03 IST" duration-ms="13650" status="PASS">
          <params>
            <param index="0">
              <value>
                <![CDATA[{currency=Pound, browser=firefox, Runmode=Y, customer=Hermoine Granger}]]>
              </value>
            </param>
          </params>
          <reporter-output>
          </reporter-output>
        </test-method> <!-- openAccountTest -->
        <test-method is-config="true" signature="quit()[pri:0, instance:testcases.OpenAccountTest@3b7d3a38]" started-at="2023-06-21T15:05:03 IST" name="quit" finished-at="2023-06-21T15:05:04 IST" duration-ms="1208" status="PASS">
          <reporter-output>
          </reporter-output>
        </test-method> <!-- quit -->
      </class> <!-- testcases.OpenAccountTest -->
    </test> <!-- Test -->
  </suite> <!-- Suite -->
</testng-results>
