<?xml version="1.0" encoding="UTF-8"?>
<!-- Generated by org.testng.reporters.JUnitXMLReporter -->
<testsuite ignored="6" hostname="pc0735" failures="0" tests="7" name="Test" time="159.224" errors="0" timestamp="2023-06-21T15:05:04 IST">
  <testcase classname="testcases.BankManagerLoginTest" name="loginAsBankManager" time="10.183"/>
  <testcase classname="testcases.AddCustomerTest" name="addCustomerTest" time="14.313"/>
  <testcase classname="testcases.AddCustomerTest" name="addCustomerTest" time="0.082">
    <skipped/>
  </testcase> <!-- addCustomerTest -->
  <testcase classname="testcases.AddCustomerTest" name="addCustomerTest" time="96.558"/>
  <testcase classname="testcases.OpenAccountTest" name="openAccountTest" time="9.159"/>
  <testcase classname="testcases.OpenAccountTest" name="openAccountTest" time="9.138"/>
  <testcase classname="testcases.OpenAccountTest" name="openAccountTest" time="13.65"/>
  <testcase classname="base.BaseTest" name="@BeforeSuite setUp" time="0.0">
    <ignored/>
  </testcase> <!-- @BeforeSuite setUp -->
  <testcase classname="base.BaseTest" name="@BeforeSuite setUp" time="0.0">
    <ignored/>
  </testcase> <!-- @BeforeSuite setUp -->
  <testcase classname="base.BaseTest" name="@BeforeSuite setUp" time="0.0">
    <ignored/>
  </testcase> <!-- @BeforeSuite setUp -->
  <testcase classname="base.BaseTest" name="@AfterSuite quitPlaywright" time="0.0">
    <ignored/>
  </testcase> <!-- @AfterSuite quitPlaywright -->
  <testcase classname="base.BaseTest" name="@AfterSuite quitPlaywright" time="0.0">
    <ignored/>
  </testcase> <!-- @AfterSuite quitPlaywright -->
  <testcase classname="base.BaseTest" name="@AfterSuite quitPlaywright" time="0.0">
    <ignored/>
  </testcase> <!-- @AfterSuite quitPlaywright -->
</testsuite> <!-- Test -->
